<?xml version="1.0" encoding="UTF-8"?>
<!-- Generated by org.testng.reporters.JUnitXMLReporter -->
<testsuite hostname="DESKTOP-2LA97SQ" failures="1" tests="3" name="Release 2022.5 Sanity Testing" time="44.519" errors="0" timestamp="21 May 2022 19:42:44 GMT">
  <testcase classname="studyproject.Ebay_Home_Sanity" name="empty_Search_test" time="7.558"/>
  <testcase classname="studyproject.Ebay_Home_Sanity" name="empty_Search_test_softassert" time="6.296">
    <failure type="java.lang.AssertionError" message="The following asserts failed:
Verify search button disabled">
      <![CDATA[java.lang.AssertionError: The following asserts failed:
Verify search button disabled
	at studyproject.Ebay_Home_Sanity.empty_Search_test_softassert(Ebay_Home_Sanity.java:96)
... Removed 25 stack frames]]>
    </failure>
  </testcase> <!-- empty_Search_test_softassert -->
  <testcase classname="studyproject.Ebay_Advanced_Search_Sanity" name="empty_advanced_search_test" time="6.335"/>
</testsuite> <!-- Release 2022.5 Sanity Testing -->
