<?xml version="1.0" encoding="UTF-8"?>
<!-- Generated by org.testng.reporters.JUnitXMLReporter -->
<testsuite hostname="DESKTOP-2LA97SQ" failures="0" tests="5" name="Before And After Test Annotations" time="0.071" errors="0" timestamp="24 May 2022 19:33:47 GMT">
  <testcase classname="studyproject.Demo_Test" name="test1" time="0.013"/>
  <testcase classname="studyproject.Demo_Test" name="test2" time="0.004"/>
  <testcase classname="studyproject.Demo_Test" name="test3" time="0.002"/>
  <testcase classname="studyproject.Demo_Test" name="test4" time="0.002"/>
  <testcase classname="studyproject.Demo_Test" name="test5" time="0.002"/>
</testsuite> <!-- Before And After Test Annotations -->
