<?xml version="1.0" encoding="UTF-8"?>
<!-- Generated by org.testng.reporters.JUnitXMLReporter -->
<testsuite hostname="DESKTOP-2LA97SQ" failures="0" tests="2" name="General Testing" time="25.974" errors="0" timestamp="24 May 2022 19:34:13 GMT">
  <testcase classname="studyproject.Ebay_Advanced_Search_Sanity" name="category_option_in_assending_order_test" time="0.089"/>
  <testcase classname="studyproject.Ebay_Advanced_Search_Sanity" name="empty_advanced_search_test" time="7.269"/>
</testsuite> <!-- General Testing -->
