<?xml version="1.0" encoding="UTF-8"?>
<testng-results total="1" passed="1" failed="0" skipped="0">
  <reporter-output>
  </reporter-output>
  <suite started-at="2022-06-01T06:11:59Z" name="Default suite" finished-at="2022-06-01T06:12:18Z" duration-ms="18100">
    <groups>
    </groups>
    <test started-at="2022-06-01T06:11:59Z" name="Default test" finished-at="2022-06-01T06:12:18Z" duration-ms="18100">
      <class name="studyproject.Ebay_Advanced_Search_Sanity">
        <test-method is-config="true" signature="BeforeClassSetup()[pri:0, instance:studyproject.Ebay_Advanced_Search_Sanity@37e4d7bb]" started-at="2022-06-01T11:42:00Z" name="BeforeClassSetup" finished-at="2022-06-01T11:42:00Z" duration-ms="29" status="PASS">
          <reporter-output>
          </reporter-output>
        </test-method> <!-- BeforeClassSetup -->
        <test-method is-config="true" signature="setUp()[pri:0, instance:studyproject.Ebay_Advanced_Search_Sanity@37e4d7bb]" started-at="2022-06-01T11:42:00Z" name="setUp" finished-at="2022-06-01T11:42:09Z" duration-ms="9006" status="PASS">
          <reporter-output>
          </reporter-output>
        </test-method> <!-- setUp -->
        <test-method signature="advanced_search_keyword_search()[pri:0, instance:studyproject.Ebay_Advanced_Search_Sanity@37e4d7bb]" started-at="2022-06-01T11:42:09Z" name="advanced_search_keyword_search" finished-at="2022-06-01T11:42:17Z" duration-ms="8722" status="PASS">
          <reporter-output>
          </reporter-output>
        </test-method> <!-- advanced_search_keyword_search -->
        <test-method is-config="true" signature="tearDown()[pri:0, instance:studyproject.Ebay_Advanced_Search_Sanity@37e4d7bb]" started-at="2022-06-01T11:42:17Z" name="tearDown" finished-at="2022-06-01T11:42:18Z" duration-ms="304" status="PASS">
          <reporter-output>
          </reporter-output>
        </test-method> <!-- tearDown -->
        <test-method is-config="true" signature="afterClassSetup()[pri:0, instance:studyproject.Ebay_Advanced_Search_Sanity@37e4d7bb]" started-at="2022-06-01T11:42:18Z" name="afterClassSetup" finished-at="2022-06-01T11:42:18Z" duration-ms="0" status="PASS">
          <reporter-output>
          </reporter-output>
        </test-method> <!-- afterClassSetup -->
      </class> <!-- studyproject.Ebay_Advanced_Search_Sanity -->
    </test> <!-- Default test -->
  </suite> <!-- Default suite -->
</testng-results>
